  ListNode.cpp
d:\code\数据结构和算法\数据结构和算法\listnode.h(8): error C2535: “ListNode<T>::ListNode(void)”: 已经定义或声明成员函数
  d:\code\数据结构和算法\数据结构和算法\listnode.h(7): note: 参见“ListNode<T>::ListNode”的声明
  d:\code\数据结构和算法\数据结构和算法\listnode.h(19): note: 参见对正在编译的 类 模板 实例化 "ListNode<T>" 的引用
d:\code\数据结构和算法\数据结构和算法\listnode.h(11): error C2061: 语法错误: 标识符“ListNod”
d:\code\数据结构和算法\数据结构和算法\listnode.cpp(5): error C2244: “ListNode::ListNode”: 无法将函数定义与现有的声明匹配
  d:\code\数据结构和算法\数据结构和算法\listnode.cpp(4): note: 参见“ListNode::ListNode”的声明
  d:\code\数据结构和算法\数据结构和算法\listnode.cpp(5): note: 定义
  d:\code\数据结构和算法\数据结构和算法\listnode.cpp(5): note: 'ListNode::ListNode(void)'
  d:\code\数据结构和算法\数据结构和算法\listnode.cpp(5): note: 现有声明
  d:\code\数据结构和算法\数据结构和算法\listnode.cpp(5): note: 'ListNode<T>::ListNode(T)'
  d:\code\数据结构和算法\数据结构和算法\listnode.cpp(5): note: 'ListNode<T>::ListNode(void)'
d:\code\数据结构和算法\数据结构和算法\listnode.cpp(10): error C2244: “ListNode::~ListNode”: 无法将函数定义与现有的声明匹配
  d:\code\数据结构和算法\数据结构和算法\listnode.cpp(9): note: 参见“ListNode::~ListNode”的声明
  d:\code\数据结构和算法\数据结构和算法\listnode.cpp(10): note: 定义
  d:\code\数据结构和算法\数据结构和算法\listnode.cpp(10): note: 'ListNode::~ListNode(void)'
  d:\code\数据结构和算法\数据结构和算法\listnode.cpp(10): note: 现有声明
  d:\code\数据结构和算法\数据结构和算法\listnode.cpp(10): note: 'ListNode<T>::~ListNode(void)'
d:\code\数据结构和算法\数据结构和算法\listnode.cpp(15): error C2244: “ListNode::SetLink”: 无法将函数定义与现有的声明匹配
  d:\code\数据结构和算法\数据结构和算法\listnode.cpp(14): note: 参见“ListNode::SetLink”的声明
  d:\code\数据结构和算法\数据结构和算法\listnode.cpp(15): note: 定义
  d:\code\数据结构和算法\数据结构和算法\listnode.cpp(15): note: 'void ListNode::SetLink(ListNode<T> *)'
  d:\code\数据结构和算法\数据结构和算法\listnode.cpp(15): note: 现有声明
  d:\code\数据结构和算法\数据结构和算法\listnode.cpp(15): note: 'void ListNode<T>::SetLink(void)'
d:\code\数据结构和算法\数据结构和算法\listnode.cpp(21): error C2244: “ListNode::SetData”: 无法将函数定义与现有的声明匹配
  d:\code\数据结构和算法\数据结构和算法\listnode.cpp(20): note: 参见“ListNode::SetData”的声明
  d:\code\数据结构和算法\数据结构和算法\listnode.cpp(21): note: 定义
  d:\code\数据结构和算法\数据结构和算法\listnode.cpp(21): note: 'void ListNode::SetData(T)'
  d:\code\数据结构和算法\数据结构和算法\listnode.cpp(21): note: 现有声明
  d:\code\数据结构和算法\数据结构和算法\listnode.cpp(21): note: 'void ListNode<T>::SetData(T)'
d:\code\数据结构和算法\数据结构和算法\listnode.cpp(27): error C2244: “ListNode::GetLink”: 无法将函数定义与现有的声明匹配
  d:\code\数据结构和算法\数据结构和算法\listnode.cpp(26): note: 参见“ListNode::GetLink”的声明
  d:\code\数据结构和算法\数据结构和算法\listnode.cpp(27): note: 定义
  d:\code\数据结构和算法\数据结构和算法\listnode.cpp(27): note: 'ListNode<T> *ListNode::GetLink(void)'
  d:\code\数据结构和算法\数据结构和算法\listnode.cpp(27): note: 现有声明
  d:\code\数据结构和算法\数据结构和算法\listnode.cpp(27): note: 'ListNode<T> *ListNode<T>::GetLink(void)'
d:\code\数据结构和算法\数据结构和算法\listnode.cpp(33): error C2244: “ListNode::GetData”: 无法将函数定义与现有的声明匹配
  d:\code\数据结构和算法\数据结构和算法\listnode.cpp(32): note: 参见“ListNode::GetData”的声明
  d:\code\数据结构和算法\数据结构和算法\listnode.cpp(33): note: 定义
  d:\code\数据结构和算法\数据结构和算法\listnode.cpp(33): note: 'T &ListNode::GetData(void)'
  d:\code\数据结构和算法\数据结构和算法\listnode.cpp(33): note: 现有声明
  d:\code\数据结构和算法\数据结构和算法\listnode.cpp(33): note: 'T &ListNode<T>::GetData(void)'
